2025-05-26 15:55:23,852 [INFO] Activator:176 - 


2025-05-26 15:55:23,853 [INFO] Activator:177 - !SESSION log4j initialized
2025-05-26 15:55:25,898 [INFO] LogOutputStream:77 - [STDOUT_REDIRECT] 
2025-05-26 15:55:27,467 [INFO] ApplicationProperties:184 - Using Application install path: C:\ST\STM32CubeIDE_1.18.1\STM32CubeIDE\plugins\com.st.stm32cube.common.mx_6.14.1.202504091515
2025-05-26 15:55:27,476 [INFO] DbMcusXml:78 - Set database path to: C:\ST\STM32CubeIDE_1.18.1\STM32CubeIDE\plugins\com.st.stm32cube.common.mx_6.14.1.202504091515\\db\/mcu/
2025-05-26 15:55:27,477 [INFO] ApiDb:274 - Set plugin database path to: C:\ST\STM32CubeIDE_1.18.1\STM32CubeIDE\plugins\com.st.stm32cube.common.mx_6.14.1.202504091515\\db\/plugins/boardmanager/
2025-05-26 15:55:27,477 [WARN] ApiDb:259 - Overriding images path with different value:  => C:\ST\STM32CubeIDE_1.18.1\STM32CubeIDE\plugins\com.st.stm32cube.common.mx_6.14.1.202504091515\\db\/plugins/mcufinder/images/
2025-05-26 15:55:27,480 [INFO] ApiDb:250 - Set database path to: C:\Users\mdi51\.stmcufinder\plugins\mcufinder//mcu/
2025-05-26 15:55:27,481 [INFO] DbMcusAds:125 - Set database path to: C:\Users\mdi51\.stmcufinder\plugins\mcufinder//mcu/
2025-05-26 15:55:27,482 [INFO] CrossReferenceDbSqlite:203 - Set database path to: C:\Users\mdi51\.stmcufinder\plugins\mcufinder//mcu/cs/
2025-05-26 15:55:27,559 [INFO] RulesReader:64 - Compatibility file has been processed (302 Rules)
2025-05-26 15:55:27,604 [INFO] DbMcusXml:78 - Set database path to: C:\ST\STM32CubeIDE_1.18.1\STM32CubeIDE\plugins\com.st.stm32cube.common.mx_6.14.1.202504091515\\db\/mcu/
2025-05-26 15:55:27,604 [INFO] ApiDb:274 - Set plugin database path to: C:\ST\STM32CubeIDE_1.18.1\STM32CubeIDE\plugins\com.st.stm32cube.common.mx_6.14.1.202504091515\\db\/plugins/boardmanager/
2025-05-26 15:55:27,605 [INFO] ApiDb:261 - Set plugin images path to: C:\ST\STM32CubeIDE_1.18.1\STM32CubeIDE\plugins\com.st.stm32cube.common.mx_6.14.1.202504091515\\db\/plugins/mcufinder/images/
2025-05-26 15:55:27,605 [WARN] DbFile:41 - Overriding database path with different value: C:\Users\mdi51\.stmcufinder\plugins\mcufinder/ => C:\Users\mdi51\.stmcufinder\plugins\mcufinder
2025-05-26 15:55:27,605 [INFO] ApiDb:250 - Set database path to: C:\Users\mdi51\.stmcufinder\plugins\mcufinder//mcu/
2025-05-26 15:55:27,605 [WARN] DbFile:41 - Overriding database path with different value: C:\Users\mdi51\.stmcufinder\plugins\mcufinder/ => C:\Users\mdi51\.stmcufinder\plugins\mcufinder
2025-05-26 15:55:27,605 [INFO] DbMcusAds:125 - Set database path to: C:\Users\mdi51\.stmcufinder\plugins\mcufinder//mcu/
2025-05-26 15:55:27,605 [WARN] DbFile:41 - Overriding database path with different value: C:\Users\mdi51\.stmcufinder\plugins\mcufinder/ => C:\Users\mdi51\.stmcufinder\plugins\mcufinder
2025-05-26 15:55:27,605 [WARN] DbFile:41 - Overriding database path with different value: C:\Users\mdi51\.stmcufinder\plugins\mcufinder/ => C:\Users\mdi51\.stmcufinder\plugins\mcufinder
2025-05-26 15:55:27,605 [INFO] CrossReferenceDbSqlite:203 - Set database path to: C:\Users\mdi51\.stmcufinder\plugins\mcufinder//mcu/cs/
2025-05-26 15:55:27,653 [INFO] MainPanel:272 - HeapMemory: 268435456
2025-05-26 15:55:27,721 [INFO] DbMcusXml:78 - Set database path to: C:\ST\STM32CubeIDE_1.18.1\STM32CubeIDE\plugins\com.st.stm32cube.common.mx_6.14.1.202504091515\\db\/mcu/
2025-05-26 15:55:27,721 [INFO] ApiDb:274 - Set plugin database path to: C:\ST\STM32CubeIDE_1.18.1\STM32CubeIDE\plugins\com.st.stm32cube.common.mx_6.14.1.202504091515\\db\/plugins/boardmanager/
2025-05-26 15:55:27,721 [INFO] ApiDb:261 - Set plugin images path to: C:\ST\STM32CubeIDE_1.18.1\STM32CubeIDE\plugins\com.st.stm32cube.common.mx_6.14.1.202504091515\\db\/plugins/mcufinder/images/
2025-05-26 15:55:27,721 [WARN] DbFile:41 - Overriding database path with different value: C:\Users\mdi51\.stmcufinder\plugins\mcufinder/ => C:\Users\mdi51\.stmcufinder\plugins\mcufinder
2025-05-26 15:55:27,722 [INFO] ApiDb:250 - Set database path to: C:\Users\mdi51\.stmcufinder\plugins\mcufinder//mcu/
2025-05-26 15:55:27,722 [WARN] DbFile:41 - Overriding database path with different value: C:\Users\mdi51\.stmcufinder\plugins\mcufinder/ => C:\Users\mdi51\.stmcufinder\plugins\mcufinder
2025-05-26 15:55:27,722 [INFO] DbMcusAds:125 - Set database path to: C:\Users\mdi51\.stmcufinder\plugins\mcufinder//mcu/
2025-05-26 15:55:27,722 [WARN] DbFile:41 - Overriding database path with different value: C:\Users\mdi51\.stmcufinder\plugins\mcufinder/ => C:\Users\mdi51\.stmcufinder\plugins\mcufinder
2025-05-26 15:55:27,722 [WARN] DbFile:41 - Overriding database path with different value: C:\Users\mdi51\.stmcufinder\plugins\mcufinder/ => C:\Users\mdi51\.stmcufinder\plugins\mcufinder
2025-05-26 15:55:27,722 [INFO] CrossReferenceDbSqlite:203 - Set database path to: C:\Users\mdi51\.stmcufinder\plugins\mcufinder//mcu/cs/
2025-05-26 15:55:27,733 [INFO] ApplicationProperties:184 - Using Application install path: C:\ST\STM32CubeIDE_1.18.1\STM32CubeIDE\plugins\com.st.stm32cube.common.mx_6.14.1.202504091515
2025-05-26 15:55:27,734 [INFO] PluginManage:196 - Search for loadable plugins [exclusion list=, ]
2025-05-26 15:55:27,734 [INFO] PluginManage:310 - Check plugin analytics
2025-05-26 15:55:27,894 [INFO] AnalyticsPlugin:253 - Accepted Software Licenses: 
2025-05-26 15:55:27,894 [INFO] AnalyticsPlugin:255 - Accepted CMSIS Pack Licenses: 
2025-05-26 15:55:27,895 [INFO] AnalyticsPlugin:257 - Accepted Firmware Licenses: 
2025-05-26 15:55:27,899 [INFO] PluginManage:359 - Loaded plugin analytics (category:tool,tabindex:-1)
2025-05-26 15:55:27,899 [INFO] PluginManage:310 - Check plugin cadmodel
2025-05-26 15:55:27,918 [INFO] CADModel:105 - Init CAD model plugin
2025-05-26 15:55:27,918 [INFO] PluginManage:359 - Loaded plugin cadmodel (category:power,tabindex:5)
2025-05-26 15:55:27,918 [INFO] PluginManage:310 - Check plugin clock
2025-05-26 15:55:27,951 [INFO] PluginManage:359 - Loaded plugin clock (category:base,tabindex:2)
2025-05-26 15:55:27,951 [INFO] PluginManage:310 - Check plugin ddr
2025-05-26 15:55:27,954 [INFO] PluginManage:359 - Loaded plugin ddr (category:tool,tabindex:6)
2025-05-26 15:55:27,955 [INFO] PluginManage:310 - Check plugin filemanager
2025-05-26 15:55:28,054 [INFO] PluginManage:359 - Loaded plugin filemanager (category:base,tabindex:10)
2025-05-26 15:55:28,054 [INFO] PluginManage:310 - Check plugin ipmanager
2025-05-26 15:55:28,058 [INFO] PluginManage:359 - Loaded plugin ipmanager (category:base,tabindex:5)
2025-05-26 15:55:28,058 [INFO] PluginManage:310 - Check plugin lpbam
2025-05-26 15:55:28,072 [INFO] PluginManage:359 - Loaded plugin lpbam (category:base,tabindex:0)
2025-05-26 15:55:28,072 [INFO] PluginManage:310 - Check plugin memorymap
2025-05-26 15:55:28,085 [INFO] PluginManage:359 - Loaded plugin memorymap (category:base,tabindex:4)
2025-05-26 15:55:28,086 [INFO] PluginManage:310 - Check plugin pinoutandconfiguration
2025-05-26 15:55:28,099 [INFO] PluginManage:359 - Loaded plugin pinoutandconfiguration (category:base,tabindex:1)
2025-05-26 15:55:28,099 [INFO] PluginManage:310 - Check plugin pinoutconfig
2025-05-26 15:55:28,158 [WARN] SupportedApi:132 - Cannot load RTOS API schema: s4s-elt-must-match.1: The content of 'definitions' must match (annotation?, (simpleType | complexType)?, (unique | key | keyref)*)). A problem was found starting at: attribute.
2025-05-26 15:55:28,224 [INFO] PluginManage:359 - Loaded plugin pinoutconfig (category:base,tabindex:0)
2025-05-26 15:55:28,224 [INFO] PluginManage:310 - Check plugin power
2025-05-26 15:55:28,238 [INFO] PluginManage:359 - Loaded plugin power (category:power,tabindex:4)
2025-05-26 15:55:28,238 [INFO] PluginManage:310 - Check plugin projectmanager
2025-05-26 15:55:28,246 [INFO] PluginManage:359 - Loaded plugin projectmanager (category:projectmanager,tabindex:4)
2025-05-26 15:55:28,248 [INFO] PluginManage:310 - Check plugin rif
2025-05-26 15:55:28,259 [INFO] PluginManage:359 - Loaded plugin rif (category:base,tabindex:3)
2025-05-26 15:55:28,259 [INFO] PluginManage:310 - Check plugin thirdparty
2025-05-26 15:55:28,457 [INFO] PluginManage:359 - Loaded plugin thirdparty (category:base,tabindex:-1)
2025-05-26 15:55:28,458 [INFO] PluginManage:310 - Check plugin tools
2025-05-26 15:55:28,458 [WARN] IntegrityCheckThread:84 - waiting for thirdparty lock release [integrity check]
2025-05-26 15:55:28,458 [INFO] IntegrityCheckThread:86 - entering critical section [integrity check]
2025-05-26 15:55:28,458 [INFO] ThirdPartyUpdaterWithRetryManager:70 - Updater plugin not ready yet. [1/15]
2025-05-26 15:55:28,488 [INFO] PluginManage:359 - Loaded plugin tools (category:base,tabindex:7)
2025-05-26 15:55:28,488 [INFO] PluginManage:310 - Check plugin tutovideos
2025-05-26 15:55:28,605 [INFO] PluginManage:359 - Loaded plugin tutovideos (category:base,tabindex:-1)
2025-05-26 15:55:28,605 [INFO] PluginManage:310 - Check plugin updater
2025-05-26 15:55:28,619 [INFO] PluginManage:359 - Loaded plugin updater (category:base,tabindex:12)
2025-05-26 15:55:28,619 [INFO] PluginManage:310 - Check plugin userauth
2025-05-26 15:55:28,621 [INFO] UserAuth:118 - Init User Auth plugin
2025-05-26 15:55:28,622 [INFO] PluginManage:359 - Loaded plugin userauth (category:base,tabindex:14)
2025-05-26 15:55:28,623 [INFO] PluginManage:283 - PluginManage : Loaded plugins [18]
2025-05-26 15:55:28,744 [INFO] PinOutPanel:1589 - setPackage(No Configuration,No Configuration)
2025-05-26 15:55:28,794 [INFO] CADModel:165 - CPN selected for project level
2025-05-26 15:55:28,795 [INFO] CADModel:114 - Register for checkConnection events
2025-05-26 15:55:28,815 [INFO] IPUIPlugin:80 - create IPUIPlugin
2025-05-26 15:55:28,816 [INFO] PluginManager:220 - loadIPPluginJar : add adc
2025-05-26 15:55:28,852 [INFO] IPUIPlugin:80 - create IPUIPlugin
2025-05-26 15:55:28,852 [INFO] PluginManager:220 - loadIPPluginJar : add aes
2025-05-26 15:55:28,889 [INFO] IPUIPlugin:80 - create IPUIPlugin
2025-05-26 15:55:28,889 [INFO] PluginManager:220 - loadIPPluginJar : add can
2025-05-26 15:55:28,912 [INFO] IPUIPlugin:80 - create IPUIPlugin
2025-05-26 15:55:28,912 [INFO] PluginManager:220 - loadIPPluginJar : add comp
2025-05-26 15:55:28,940 [INFO] IPUIPlugin:80 - create IPUIPlugin
2025-05-26 15:55:28,940 [INFO] PluginManager:220 - loadIPPluginJar : add cryp
2025-05-26 15:55:28,948 [INFO] IPUIPlugin:80 - create IPUIPlugin
2025-05-26 15:55:28,948 [INFO] PluginManager:220 - loadIPPluginJar : add ddr_ctrl_phy
2025-05-26 15:55:28,973 [INFO] IPUIPlugin:80 - create IPUIPlugin
2025-05-26 15:55:28,973 [INFO] PluginManager:220 - loadIPPluginJar : add dfsdm
2025-05-26 15:55:28,984 [INFO] IPUIPlugin:80 - create IPUIPlugin
2025-05-26 15:55:28,984 [INFO] PluginManager:220 - loadIPPluginJar : add dma
2025-05-26 15:55:29,014 [INFO] IPUIPlugin:80 - create IPUIPlugin
2025-05-26 15:55:29,014 [INFO] PluginManager:220 - loadIPPluginJar : add dma3
2025-05-26 15:55:29,048 [INFO] IPUIPlugin:80 - create IPUIPlugin
2025-05-26 15:55:29,048 [INFO] PluginManager:220 - loadIPPluginJar : add extmemmanager
2025-05-26 15:55:29,064 [INFO] IPUIPlugin:80 - create IPUIPlugin
2025-05-26 15:55:29,064 [INFO] PluginManager:220 - loadIPPluginJar : add fatfs
2025-05-26 15:55:29,100 [INFO] IPUIPlugin:80 - create IPUIPlugin
2025-05-26 15:55:29,100 [INFO] PluginManager:220 - loadIPPluginJar : add fmc
2025-05-26 15:55:29,113 [INFO] IPUIPlugin:80 - create IPUIPlugin
2025-05-26 15:55:29,113 [INFO] PluginManager:220 - loadIPPluginJar : add freertos
2025-05-26 15:55:29,131 [INFO] IPUIPlugin:80 - create IPUIPlugin
2025-05-26 15:55:29,131 [INFO] PluginManager:220 - loadIPPluginJar : add genericplugin
2025-05-26 15:55:29,200 [INFO] IPUIPlugin:80 - create IPUIPlugin
2025-05-26 15:55:29,200 [INFO] PluginManager:220 - loadIPPluginJar : add gfxmmu
2025-05-26 15:55:29,292 [INFO] IPUIPlugin:80 - create IPUIPlugin
2025-05-26 15:55:29,292 [INFO] PluginManager:220 - loadIPPluginJar : add gic
2025-05-26 15:55:29,304 [INFO] IPUIPlugin:80 - create IPUIPlugin
2025-05-26 15:55:29,304 [INFO] PluginManager:220 - loadIPPluginJar : add gpio
2025-05-26 15:55:29,368 [INFO] IPUIPlugin:80 - create IPUIPlugin
2025-05-26 15:55:29,369 [INFO] PluginManager:220 - loadIPPluginJar : add gtzc
2025-05-26 15:55:29,393 [INFO] IPUIPlugin:80 - create IPUIPlugin
2025-05-26 15:55:29,393 [INFO] PluginManager:220 - loadIPPluginJar : add hash
2025-05-26 15:55:29,432 [INFO] IPUIPlugin:80 - create IPUIPlugin
2025-05-26 15:55:29,432 [INFO] PluginManager:220 - loadIPPluginJar : add i2c
2025-05-26 15:55:29,462 [INFO] IPUIPlugin:80 - create IPUIPlugin
2025-05-26 15:55:29,462 [INFO] PluginManager:220 - loadIPPluginJar : add i2s
2025-05-26 15:55:29,495 [INFO] IPUIPlugin:80 - create IPUIPlugin
2025-05-26 15:55:29,495 [INFO] PluginManager:220 - loadIPPluginJar : add i3c
2025-05-26 15:55:29,568 [INFO] IPUIPlugin:80 - create IPUIPlugin
2025-05-26 15:55:29,568 [INFO] PluginManager:220 - loadIPPluginJar : add ipddr
2025-05-26 15:55:29,638 [INFO] IPUIPlugin:80 - create IPUIPlugin
2025-05-26 15:55:29,638 [INFO] PluginManager:220 - loadIPPluginJar : add linkedlist
2025-05-26 15:55:29,669 [INFO] IPUIPlugin:80 - create IPUIPlugin
2025-05-26 15:55:29,669 [INFO] PluginManager:220 - loadIPPluginJar : add lorawan
2025-05-26 15:55:29,699 [INFO] IPUIPlugin:80 - create IPUIPlugin
2025-05-26 15:55:29,699 [INFO] PluginManager:220 - loadIPPluginJar : add ltdc
2025-05-26 15:55:29,709 [INFO] IPUIPlugin:80 - create IPUIPlugin
2025-05-26 15:55:29,709 [INFO] PluginManager:220 - loadIPPluginJar : add mdma
2025-05-26 15:55:29,719 [INFO] IPUIPlugin:80 - create IPUIPlugin
2025-05-26 15:55:29,719 [INFO] PluginManager:220 - loadIPPluginJar : add nvic
2025-05-26 15:55:29,751 [INFO] IPUIPlugin:80 - create IPUIPlugin
2025-05-26 15:55:29,751 [INFO] PluginManager:220 - loadIPPluginJar : add opamp
2025-05-26 15:55:29,801 [INFO] IPUIPlugin:80 - create IPUIPlugin
2025-05-26 15:55:29,801 [INFO] PluginManager:220 - loadIPPluginJar : add openamp
2025-05-26 15:55:29,836 [INFO] IPUIPlugin:80 - create IPUIPlugin
2025-05-26 15:55:29,836 [INFO] PluginManager:220 - loadIPPluginJar : add pdm2pcm
2025-05-26 15:55:29,845 [INFO] IPUIPlugin:80 - create IPUIPlugin
2025-05-26 15:55:29,847 [INFO] PluginManager:220 - loadIPPluginJar : add plateformsettings
2025-05-26 15:55:29,866 [INFO] IPUIPlugin:80 - create IPUIPlugin
2025-05-26 15:55:29,866 [INFO] PluginManager:220 - loadIPPluginJar : add quadspi
2025-05-26 15:55:29,889 [INFO] IPUIPlugin:80 - create IPUIPlugin
2025-05-26 15:55:29,890 [INFO] PluginManager:220 - loadIPPluginJar : add radio
2025-05-26 15:55:29,900 [INFO] IPUIPlugin:80 - create IPUIPlugin
2025-05-26 15:55:29,900 [INFO] PluginManager:220 - loadIPPluginJar : add resmgrutility
2025-05-26 15:55:29,937 [INFO] IPUIPlugin:80 - create IPUIPlugin
2025-05-26 15:55:29,937 [INFO] PluginManager:220 - loadIPPluginJar : add sai
2025-05-26 15:55:29,965 [INFO] IPUIPlugin:80 - create IPUIPlugin
2025-05-26 15:55:29,965 [INFO] PluginManager:220 - loadIPPluginJar : add spi
2025-05-26 15:55:30,021 [INFO] IPUIPlugin:80 - create IPUIPlugin
2025-05-26 15:55:30,021 [INFO] PluginManager:220 - loadIPPluginJar : add stm32_wpan
2025-05-26 15:55:30,042 [INFO] IPUIPlugin:80 - create IPUIPlugin
2025-05-26 15:55:30,042 [INFO] PluginManager:220 - loadIPPluginJar : add tim
2025-05-26 15:55:30,087 [INFO] IPUIPlugin:80 - create IPUIPlugin
2025-05-26 15:55:30,087 [INFO] PluginManager:220 - loadIPPluginJar : add touchsensing
2025-05-26 15:55:30,106 [INFO] IPUIPlugin:80 - create IPUIPlugin
2025-05-26 15:55:30,106 [INFO] PluginManager:220 - loadIPPluginJar : add tracer_emb
2025-05-26 15:55:30,126 [INFO] IPUIPlugin:80 - create IPUIPlugin
2025-05-26 15:55:30,126 [INFO] PluginManager:220 - loadIPPluginJar : add ts
2025-05-26 15:55:30,143 [INFO] IPUIPlugin:80 - create IPUIPlugin
2025-05-26 15:55:30,143 [INFO] PluginManager:220 - loadIPPluginJar : add tsc
2025-05-26 15:55:30,160 [INFO] IPUIPlugin:80 - create IPUIPlugin
2025-05-26 15:55:30,160 [INFO] PluginManager:220 - loadIPPluginJar : add ucpd
2025-05-26 15:55:30,193 [INFO] IPUIPlugin:80 - create IPUIPlugin
2025-05-26 15:55:30,193 [INFO] PluginManager:220 - loadIPPluginJar : add usart
2025-05-26 15:55:30,227 [INFO] IPUIPlugin:80 - create IPUIPlugin
2025-05-26 15:55:30,227 [INFO] PluginManager:220 - loadIPPluginJar : add usbx
2025-05-26 15:55:30,328 [FATAL] Updater:351 - Updater called before beeing initialized
2025-05-26 15:55:30,343 [INFO] RulesReader:64 - Compatibility file has been processed (302 Rules)
2025-05-26 15:55:30,350 [INFO] RulesReader:64 - Compatibility file has been processed (302 Rules)
2025-05-26 15:55:30,356 [INFO] CADModel:165 - CPN selected for project level
2025-05-26 15:55:30,356 [INFO] CADModel:114 - Register for checkConnection events
2025-05-26 15:55:30,356 [FATAL] Updater:351 - Updater called before beeing initialized
2025-05-26 15:55:30,356 [ERROR] CADModel:125 - Updater not yet initialized, retry later 
2025-05-26 15:55:30,430 [FATAL] Updater:351 - Updater called before beeing initialized
2025-05-26 15:55:30,431 [INFO] CADModel:165 - CPN selected for project level
2025-05-26 15:55:30,431 [INFO] CADModel:114 - Register for checkConnection events
2025-05-26 15:55:30,431 [FATAL] Updater:351 - Updater called before beeing initialized
2025-05-26 15:55:30,431 [ERROR] CADModel:125 - Updater not yet initialized, retry later 
2025-05-26 15:55:30,433 [FATAL] Updater:351 - Updater called before beeing initialized
2025-05-26 15:55:30,500 [FATAL] Updater:351 - Updater called before beeing initialized
2025-05-26 15:55:30,504 [INFO] DbMcusAds:53 - JSON generation date=Wed May 07 21:07:55 NZST 2025 (1746608875638)
2025-05-26 15:55:30,504 [FATAL] Updater:351 - Updater called before beeing initialized
2025-05-26 15:55:30,521 [WARN] DetailPanel:346 - Failed to get advertising image, set to default
2025-05-26 15:55:30,662 [FATAL] Updater:351 - Updater called before beeing initialized
2025-05-26 15:55:30,663 [FATAL] Updater:351 - Updater called before beeing initialized
2025-05-26 15:55:30,663 [FATAL] Updater:351 - Updater called before beeing initialized
2025-05-26 15:55:30,663 [WARN] DetailPanel:346 - Failed to get advertising image, set to default
2025-05-26 15:55:30,663 [FATAL] Updater:351 - Updater called before beeing initialized
2025-05-26 15:55:30,698 [ERROR] Updater:1198 - MainUpdater not yet initialized. External WinMGr cannot be set.
2025-05-26 15:55:30,706 [INFO] Updater:1134 - Updater Version found : 6.14.1
2025-05-26 15:55:30,717 [INFO] ApplicationProperties:184 - Using Application install path: C:\ST\STM32CubeIDE_1.18.1\STM32CubeIDE\plugins\com.st.stm32cube.common.mx_6.14.1.202504091515
2025-05-26 15:55:31,459 [INFO] ThirdPartyUpdaterWithRetryManager:70 - Updater plugin not ready yet. [2/15]
2025-05-26 15:55:32,291 [ERROR] LogOutputStream:75 - [STDERR_REDIRECT] May 26, 2025 3:55:32 PM java.util.prefs.WindowsPreferences <init>
2025-05-26 15:55:32,292 [ERROR] LogOutputStream:75 - [STDERR_REDIRECT] WARNING: Could not open/create prefs root node Software\JavaSoft\Prefs at root 0xffffffff80000002. Windows RegCreateKeyEx(...) returned error code 5.
2025-05-26 15:55:32,292 [ERROR] LogOutputStream:75 - [STDERR_REDIRECT] 
2025-05-26 15:55:32,510 [INFO] MainUpdater:2872 - connection check result : 10
2025-05-26 15:55:32,511 [INFO] MainUpdater:289 - Updater Check For Update Now.
2025-05-26 15:55:32,511 [INFO] MicroXplorer:498 - Change Database Version : DB.6.0.141
2025-05-26 15:55:32,526 [INFO] McuFinderGlobals:63 - Set McuFinder mode to 2 (CubeIDE integrated)
2025-05-26 15:55:32,526 [INFO] UserAuth:171 - activating auth plugin
2025-05-26 15:55:32,529 [INFO] UserAuth:484 - Internet connection configuration mode: 1
2025-05-26 15:55:32,562 [INFO] JxBrowserEngine:152 - Initiate JxBrowser Engine with user profile folder
2025-05-26 15:55:32,697 [INFO] CheckServerUpdateThread:120 - End of CheckServer Thread
2025-05-26 15:55:33,132 [INFO] WebApp:169 - Instantiating new browser for Auth
2025-05-26 15:55:33,601 [INFO] WebApp:463 - Apply proxy settings
2025-05-26 15:55:33,601 [INFO] WebApp:548 - Chromium requires no authentication
2025-05-26 15:55:33,607 [INFO] WebApp:491 - Direct internet connection detected
2025-05-26 15:55:33,620 [INFO] WebApp:894 - Register for checkConnection events
2025-05-26 15:55:33,620 [INFO] WebApp:463 - Apply proxy settings
2025-05-26 15:55:33,620 [INFO] WebApp:548 - Chromium requires no authentication
2025-05-26 15:55:33,620 [INFO] WebApp:491 - Direct internet connection detected
2025-05-26 15:55:33,714 [INFO] WebApp:225 - Starting web application
2025-05-26 15:55:33,714 [INFO] WebApp:593 - Web application path used C:\ST\STM32CubeIDE_1.18.1\STM32CubeIDE\plugins\com.st.stm32cube.common.mx_6.14.1.202504091515\db\plugins\mcufinder\reactClient1\index.html
2025-05-26 15:55:34,279 [INFO] WebApp:191 - Connection restablished
2025-05-26 15:55:34,563 [WARN] PackLoader:240 - Cannot read IP mode file for STMicroelectronics.FP-SNS-MOTENVWB1.1.4.0
2025-05-26 15:55:34,575 [WARN] PackLoader:240 - Cannot read IP mode file for STMicroelectronics.FP-ATR-ASTRA1.2.0.2
2025-05-26 15:55:34,588 [WARN] PackLoader:240 - Cannot read IP mode file for STMicroelectronics.X-CUBE-SMBUS.2.1.0
2025-05-26 15:55:34,599 [WARN] PackLoader:240 - Cannot read IP mode file for STMicroelectronics.X-CUBE-ST60.1.0.0
2025-05-26 15:55:34,627 [WARN] PackLoader:240 - Cannot read IP mode file for STMicroelectronics.X-CUBE-AZRTOS-F7.1.1.0
2025-05-26 15:55:34,657 [WARN] PackLoader:240 - Cannot read IP mode file for Infineon.AIROC-Wi-Fi-Bluetooth-STM32.1.7.0
2025-05-26 15:55:34,674 [WARN] PackLoader:240 - Cannot read IP mode file for STMicroelectronics.X-CUBE-DISPLAY.3.0.0
2025-05-26 15:55:34,692 [WARN] PackLoader:240 - Cannot read IP mode file for STMicroelectronics.X-CUBE-NFC10.1.0.0
2025-05-26 15:55:34,707 [WARN] PackLoader:240 - Cannot read IP mode file for STMicroelectronics.X-CUBE-BLEMGR.4.0.0
2025-05-26 15:55:34,723 [WARN] PackLoader:240 - Cannot read IP mode file for emotas.I-CUBE-CANOPEN.1.3.0
2025-05-26 15:55:34,738 [WARN] ConditionMgr:438 - getConditionDescription Invalid condition id : Cortex-A Device cause : null
2025-05-26 15:55:34,756 [WARN] ConditionMgr:1044 - genDependencies : Invalid condition id : Cortex-A Device cause : null
2025-05-26 15:55:34,756 [WARN] ConditionMgr:1044 - genDependencies : Invalid condition id : Cortex-A Device cause : null
2025-05-26 15:55:34,756 [WARN] ConditionMgr:1044 - genDependencies : Invalid condition id : Cortex-A Device cause : null
2025-05-26 15:55:34,767 [WARN] PackLoader:240 - Cannot read IP mode file for STMicroelectronics.X-CUBE-AI.10.0.0
2025-05-26 15:55:34,780 [WARN] PackLoader:240 - Cannot read IP mode file for STMicroelectronics.FP-SNS-SMARTAG2.1.2.0
2025-05-26 15:55:34,790 [WARN] PackLoader:240 - Cannot read IP mode file for STMicroelectronics.FP-SNS-FLIGHT1.5.1.0
2025-05-26 15:55:34,805 [INFO] LogOutputStream:77 - [STDOUT_REDIRECT] 1 : Invalid condition id : UX_CORESTACK_Condition cause : null
2025-05-26 15:55:34,806 [INFO] LogOutputStream:77 - [STDOUT_REDIRECT] 1 : Invalid condition id : UX_CORESTACK_Condition cause : null
2025-05-26 15:55:34,807 [INFO] LogOutputStream:77 - [STDOUT_REDIRECT] 1 : Invalid condition id : UX_CORESTACK_Condition cause : null
2025-05-26 15:55:34,808 [INFO] LogOutputStream:77 - [STDOUT_REDIRECT] 1 : Invalid condition id : UX_CORESTACK_Condition cause : null
2025-05-26 15:55:34,808 [INFO] LogOutputStream:77 - [STDOUT_REDIRECT] 1 : Invalid condition id : UX_CORESTACK_Condition cause : null
2025-05-26 15:55:34,809 [WARN] PackLoader:240 - Cannot read IP mode file for STMicroelectronics.X-CUBE-AZRTOS-WL.2.0.0
2025-05-26 15:55:34,820 [WARN] PackLoader:240 - Cannot read IP mode file for STMicroelectronics.FP-SNS-MOTENV1.5.0.0
2025-05-26 15:55:34,832 [WARN] PackLoader:240 - Cannot read IP mode file for WES.I-CUBE-Cesium.1.3.0
2025-05-26 15:55:34,843 [WARN] PackLoader:240 - Cannot read IP mode file for STMicroelectronics.X-CUBE-BLE2.3.3.0
2025-05-26 15:55:34,858 [WARN] PackLoader:240 - Cannot read IP mode file for STMicroelectronics.X-CUBE-NFC9.1.0.0
2025-05-26 15:55:34,868 [WARN] PackLoader:240 - Cannot read IP mode file for wolfSSL.I-CUBE-wolfSSL.5.8.0
2025-05-26 15:55:34,881 [WARN] PackLoader:240 - Cannot read IP mode file for STMicroelectronics.X-CUBE-BLE1.7.1.0
2025-05-26 15:55:34,892 [WARN] PackLoader:240 - Cannot read IP mode file for wolfSSL.I-CUBE-wolfMQTT.1.19.2
2025-05-26 15:55:34,923 [WARN] PackLoader:240 - Cannot read IP mode file for STMicroelectronics.X-CUBE-MEMS1.11.2.0
2025-05-26 15:55:34,987 [WARN] PackLoader:240 - Cannot read IP mode file for STMicroelectronics.X-CUBE-AZRTOS-G0.1.1.0
2025-05-26 15:55:35,001 [WARN] PackLoader:240 - Cannot read IP mode file for STMicroelectronics.X-CUBE-SAFEA1.1.2.2
2025-05-26 15:55:35,012 [WARN] PackLoader:240 - Cannot read IP mode file for STMicroelectronics.X-CUBE-NFC4.3.0.0
2025-05-26 15:55:35,026 [WARN] PackLoader:240 - Cannot read IP mode file for EmbeddedOffice.I-CUBE-FS-RTOS.1.0.1
2025-05-26 15:55:35,039 [WARN] PackLoader:240 - Cannot read IP mode file for STMicroelectronics.X-CUBE-WB05N.2.0.0
2025-05-26 15:55:35,048 [WARN] PackLoader:240 - Cannot read IP mode file for wolfSSL.I-CUBE-wolfTPM.3.8.0
2025-05-26 15:55:35,058 [WARN] PackLoader:240 - Cannot read IP mode file for STMicroelectronics.X-CUBE-TCPP.4.2.0
2025-05-26 15:55:35,067 [WARN] PackLoader:240 - Cannot read IP mode file for RealThread.X-CUBE-RT-Thread_Nano.4.1.1
2025-05-26 15:55:35,078 [WARN] PackLoader:240 - Cannot read IP mode file for STMicroelectronics.FP-ATR-SIGFOX1.3.2.0
2025-05-26 15:55:35,088 [WARN] PackLoader:240 - Cannot read IP mode file for STMicroelectronics.X-CUBE-EEPRMA1.5.1.0
2025-05-26 15:55:35,099 [WARN] PackLoader:240 - Cannot read IP mode file for ITTIA_DB.I-CUBE-ITTIADB.8.9.0
2025-05-26 15:55:35,126 [WARN] PackLoader:240 - Cannot read IP mode file for SEGGER.I-CUBE-embOS.1.3.1
2025-05-26 15:55:35,174 [WARN] PackLoader:240 - Cannot read IP mode file for STMicroelectronics.X-CUBE-ALGOBUILD.1.4.0
2025-05-26 15:55:35,192 [WARN] PackLoader:240 - Cannot read IP mode file for STMicroelectronics.X-CUBE-AZRTOS-F4.1.1.0
2025-05-26 15:55:35,206 [WARN] PackLoader:240 - Cannot read IP mode file for Avnet-IotConnect.X-CUBE-IoTC-DA16k-PMOD.1.0.0
2025-05-26 15:55:35,218 [WARN] PackLoader:240 - Cannot read IP mode file for STMicroelectronics.X-CUBE-ISPU.2.1.0
2025-05-26 15:55:35,239 [WARN] PackLoader:240 - Cannot read IP mode file for STMicroelectronics.X-CUBE-AZRTOS-L5.2.0.0
2025-05-26 15:55:35,254 [WARN] PackLoader:240 - Cannot read IP mode file for STMicroelectronics.X-CUBE-NFC6.3.1.0
2025-05-26 15:55:35,268 [WARN] PackLoader:240 - Cannot read IP mode file for STMicroelectronics.X-CUBE-FREERTOS.1.3.1
2025-05-26 15:55:35,282 [WARN] PackLoader:240 - Cannot read IP mode file for STMicroelectronics.X-CUBE-FREERTOS.1.3.0
2025-05-26 15:55:35,296 [WARN] PackLoader:240 - Cannot read IP mode file for STMicroelectronics.X-CUBE-DPower.1.3.0
2025-05-26 15:55:35,314 [WARN] ConditionMgr:438 - getConditionDescription Invalid condition id : LAN8742 Phy interface Condition cause : null
2025-05-26 15:55:35,315 [WARN] PackLoader:240 - Cannot read IP mode file for STMicroelectronics.X-CUBE-AZRTOS-L4.2.0.0
2025-05-26 15:55:35,315 [WARN] ConditionMgr:1044 - genDependencies : Invalid condition id : LAN8742 Phy interface Condition cause : null
2025-05-26 15:55:35,315 [WARN] ConditionMgr:1044 - genDependencies : Invalid condition id : LAN8742 Phy interface Condition cause : null
2025-05-26 15:55:35,316 [WARN] ConditionMgr:1044 - genDependencies : Invalid condition id : LAN8742 Phy interface Condition cause : null
2025-05-26 15:55:35,327 [WARN] PackLoader:240 - Cannot read IP mode file for STMicroelectronics.X-CUBE-SFXS2LP1.4.0.0
2025-05-26 15:55:35,343 [WARN] PackLoader:240 - Cannot read IP mode file for STMicroelectronics.X-CUBE-AZRTOS-H7.3.3.0
2025-05-26 15:55:35,358 [WARN] ConditionMgr:438 - getConditionDescription Invalid condition id : UX DEVICE CLASS RTOS Condition cause : null
2025-05-26 15:55:35,358 [WARN] ConditionMgr:438 - getConditionDescription Invalid condition id : UX DEVICE CLASS RTOS Condition cause : null
2025-05-26 15:55:35,359 [WARN] PackLoader:240 - Cannot read IP mode file for STMicroelectronics.X-CUBE-AZRTOS-WB.2.0.0
2025-05-26 15:55:35,359 [WARN] ConditionMgr:1044 - genDependencies : Invalid condition id : UX DEVICE CLASS RTOS Condition cause : null
2025-05-26 15:55:35,359 [WARN] ConditionMgr:1044 - genDependencies : Invalid condition id : UX DEVICE CLASS RTOS Condition cause : null
2025-05-26 15:55:35,360 [WARN] ConditionMgr:1044 - genDependencies : Invalid condition id : UX DEVICE CLASS RTOS Condition cause : null
2025-05-26 15:55:35,360 [WARN] ConditionMgr:1044 - genDependencies : Invalid condition id : UX DEVICE CLASS RTOS Condition cause : null
2025-05-26 15:55:35,360 [WARN] ConditionMgr:1044 - genDependencies : Invalid condition id : UX DEVICE CLASS RTOS Condition cause : null
2025-05-26 15:55:35,374 [WARN] PackLoader:240 - Cannot read IP mode file for STMicroelectronics.X-CUBE-GNSS1.7.0.1
2025-05-26 15:55:35,386 [WARN] PackLoader:240 - Cannot read IP mode file for STMicroelectronics.X-CUBE-TOUCHGFX.4.25.0
2025-05-26 15:55:35,395 [WARN] PackLoader:240 - Cannot read IP mode file for STMicroelectronics.FP-SNS-STBOX1.2.0.0
2025-05-26 15:55:35,410 [WARN] PackLoader:240 - Cannot read IP mode file for STMicroelectronics.X-CUBE-SUBG2.5.0.0
2025-05-26 15:55:35,425 [WARN] PackLoader:240 - Cannot read IP mode file for STMicroelectronics.X-CUBE-AZRTOS-H7RS.1.1.0
2025-05-26 15:55:35,434 [WARN] PackLoader:240 - Cannot read IP mode file for Cesanta.I-CUBE-Mongoose.7.13.0
2025-05-26 15:55:35,453 [WARN] PackLoader:240 - Cannot read IP mode file for STMicroelectronics.X-CUBE-AZRTOS-G4.2.0.0
2025-05-26 15:55:35,464 [WARN] PackLoader:240 - Cannot read IP mode file for wolfSSL.I-CUBE-wolfSSH.1.4.20
2025-05-26 15:55:35,475 [WARN] PackLoader:240 - Cannot read IP mode file for STMicroelectronics.X-CUBE-NFC7.2.0.0
2025-05-26 15:55:35,487 [WARN] PackLoader:240 - Cannot read IP mode file for STMicroelectronics.X-CUBE-IPS.3.1.0
2025-05-26 15:55:35,500 [WARN] PackLoader:240 - Cannot read IP mode file for STMicroelectronics.X-CUBE-ALS.1.0.2
2025-05-26 15:55:35,512 [WARN] PackLoader:240 - Cannot read IP mode file for portGmbH.I-Cube-SoM-uGOAL.1.1.0
2025-05-26 15:55:35,527 [WARN] PackLoader:240 - Cannot read IP mode file for STMicroelectronics.X-CUBE-TOF1.3.4.3
2025-05-26 15:55:35,530 [INFO] ThirdParty:978 - Integrity check success = true
2025-05-26 15:55:35,531 [INFO] IntegrityCheckThread:100 - exiting critical section [integrity check]
2025-05-26 15:55:35,531 [INFO] IntegrityCheckThread:103 - End integrity checks thread
2025-05-26 15:57:46,302 [ERROR] LogOutputStream:75 - [STDERR_REDIRECT] 
